C51 COMPILER V9.00   1602                                                                  08/31/2013 00:03:53 PAGE 1   


C51 COMPILER V9.00, COMPILATION OF MODULE 1602
OBJECT MODULE PLACED IN 1602.OBJ
COMPILER INVOKED BY: D:\Keil\C51\BIN\C51.EXE 1602.c BROWSE DEBUG OBJECTEXTEND

line level    source

   1          /***关于1602相关函数实现*******/
   2          
   3          #include "1602.h"
   4          
   5          
   6          /***液晶初始化*****/
   7          void lcd_wait_for_enable()
   8          {
   9   1              DATAPORT = 0xff;
  10   1      
  11   1              RS=0; RW=1; _nop_();    E=0; _nop_(); _nop_();
  12   1              while(DATAPORT & BUSY);
  13   1              E=1;
  14   1      }
  15          
  16          /*****写控制字符****attrib控制是否检测忙信号***/
  17          void lcd_write_command(uchar cmd, uchar attrib)
  18          {
  19   1              if(attrib)      lcd_wait_for_enable();  //检测是否繁忙
  20   1      
  21   1              RS=0; RW=0; _nop_(); E=1;
  22   1              DATAPORT = cmd;  _nop_();
  23   1      
  24   1              E=0; _nop_(); _nop(); E=1;
*** WARNING C206 IN LINE 24 OF 1602.C: '_nop': missing function-prototype
  25   1      }
  26          
  27          /*****当前位置写入字符**********/
  28          void lcd_write_data(char wdata)
  29          {
  30   1              lcd_wait_for_enable();
  31   1      
  32   1              RS=1; RW=0; _nop_(); E= 1;
  33   1              DATAPORT = wdata;  _nop_();
  34   1      
  35   1              E=0; _nop_(); _nop_(); E=1;
  36   1      }
  37          
  38          /****液晶初始化程序*******/
  39          void lcd_reset()
  40          {                 //按照手册相关步骤初始化
  41   1      
  42   1      unsigned int i;
  43   1              lcd_write_command(0x38,0);
  44   1      //      delay_Ms(10);  
  45   1              for (i=0;i<1000;i++);
  46   1              lcd_write_command(0x38,0);
  47   1      //      delay_Ms(10);
  48   1              for (i=0;i<1000;i++);
  49   1              lcd_write_command(0x38,0);
  50   1      //      delay_Ms(10);
  51   1              for (i=0;i<1000;i++);
  52   1      
  53   1              lcd_write_command(0x38,1);
  54   1              lcd_write_command(0x08,1);
C51 COMPILER V9.00   1602                                                                  08/31/2013 00:03:53 PAGE 2   

  55   1              lcd_write_command(0x01,1);
  56   1              lcd_write_command(0x06,1);
  57   1              lcd_write_command(0x0c,1);
  58   1      }
  59          
  60          /****光标定位******/
  61          void disp_xy(uchar x, uchar y)
  62          {
  63   1              uchar tmp;
  64   1              tmp = x & 0x0f;
  65   1              y  &= 0x1;
  66   1              if(x > 15)  tmp |= 0x40;  //在第二行显示
  67   1              if(y == 1)      tmp |= 0x40;
  68   1              tmp |= 0x80;                       //D7位置1，表示状态繁忙
  69   1              lcd_write_command(tmp,0);
  70   1      }
  71          
  72          /*****指定位置显示字符********/
  73          void disp_one_char(uchar x, uchar y, uchar ddata)
  74          {
  75   1              disp_xy(x, y);
  76   1              lcd_write_data(ddata);
  77   1      }
  78          
  79          /***指定位置显示字符串*******/
  80          void disp_msg(uchar x, uchar y, uchar *ptr)
  81          {
  82   1              uchar i,l=0;
  83   1              while(*ptr++ > 0) l++;
  84   1              ptr=ptr-(l+1);  //ptr指针复位
  85   1              for(i=0;i<l;i++)
  86   1              {
  87   2                      disp_one_char(x++, y, *ptr++);
  88   2                      if(x == 31) {x = 0, y ^= 0;}
  89   2              }
  90   1      }


MODULE INFORMATION:   STATIC OVERLAYABLE
   CODE SIZE        =    311    ----
   CONSTANT SIZE    =   ----    ----
   XDATA SIZE       =   ----    ----
   PDATA SIZE       =   ----    ----
   DATA SIZE        =   ----       8
   IDATA SIZE       =   ----    ----
   BIT SIZE         =   ----    ----
END OF MODULE INFORMATION.


C51 COMPILATION COMPLETE.  1 WARNING(S),  0 ERROR(S)
