C51 COMPILER V9.00   MAIN                                                                  08/31/2013 00:33:25 PAGE 1   


C51 COMPILER V9.00, COMPILATION OF MODULE MAIN
OBJECT MODULE PLACED IN main.OBJ
COMPILER INVOKED BY: D:\Keil\C51\BIN\C51.EXE main.c BROWSE DEBUG OBJECTEXTEND

line level    source

   1          #include <AT89X51.h>
   2          #include <intrins.h>
   3          
   4          #define uchar unsigned char
   5          #define uint  unsigned int
   6          
   7          #define RS      P2_0
   8          #define RW      P2_1
   9          #define E       P2_7
  10          #define SW      P3_6
  11          
  12          #define DATAPORT P0
  13          #define BUSY     0x80
  14          
  15          char init[] = "Wellcom to play    MCU Board";
  16          
  17          /***微秒级延时，time<255****/
  18          void delay_us(unsigned char time)
  19          {
  20   1              TH0 = 0;
  21   1              TL0 = 0;
  22   1              TR0 = 1;
  23   1      
  24   1              while(TL0 < time);//机器周期为1us，执行一次计时1us
  25   1      
  26   1              TR0 = 0;
  27   1      }
  28          
  29          /****毫秒级延时，time<65535****/
  30          void delay_ms(unsigned int time)
  31          {
  32   1              unsigned int n = 0;
  33   1              TR0 = 1;
  34   1              
  35   1              while(n < time)
  36   1              {
  37   2                      TH0 = 0;                //赋初值20(十进制)
  38   2                      TL0 = 20;
  39   2                      while(TH0 < 4);    //4x255-20 = 1000;(即1ms)
  40   2                      n++;
  41   2              }
  42   1              TR0 = 0;                
  43   1      }
  44          
  45          /***不精确ms延时*****/
  46          void delay_mms(unsigned int number)
  47          {
  48   1              unsigned char temp;
  49   1      
  50   1              for(;number!=0;number--)
  51   1              {
  52   2                      for(temp=112;temp!=0;temp--);
  53   2              }
  54   1      }
  55          
C51 COMPILER V9.00   MAIN                                                                  08/31/2013 00:33:25 PAGE 2   

  56          
  57          
  58          
  59          
  60          
  61          /***液晶闲忙*****/
  62          void lcd_wait_for_enable()
  63          {
  64   1              DATAPORT = 0xff;
  65   1      
  66   1              RS=0; RW=1; _nop_();    E=0; _nop_(); _nop_();
  67   1              while(DATAPORT & BUSY);
  68   1              E=1;
  69   1      }
  70          
  71          /*****写控制字符****attrib控制是否检测忙信号***/
  72          void lcd_write_command(uchar cmd, uchar attrib)
  73          {
  74   1              if(attrib)      lcd_wait_for_enable();  //检测是否繁忙
  75   1      
  76   1              RS=0; RW=0; _nop_(); E=1;
  77   1              DATAPORT = cmd;  _nop_();
  78   1      
  79   1              E=0; _nop_(); _nop(); E=1;
*** WARNING C206 IN LINE 79 OF MAIN.C: '_nop': missing function-prototype
  80   1      }
  81          
  82          /*****当前位置写入字符**********/
  83          void lcd_write_data(char wdata)
  84          {
  85   1              lcd_wait_for_enable();
  86   1      
  87   1              RS=1; RW=0; _nop_(); E= 1;
  88   1              DATAPORT = wdata;  _nop_();
  89   1      
  90   1              E=0; _nop_(); _nop_(); E=1;
  91   1      }
  92          
  93          /****液晶初始化程序*******/
  94          void lcd_reset()
  95          {                 //按照手册相关步骤初始化
  96   1              lcd_write_command(0x38,0);
  97   1              delay_ms(10);  
  98   1              lcd_write_command(0x38,0);
  99   1              delay_ms(10);
 100   1              lcd_write_command(0x38,0);
 101   1              delay_ms(10);
 102   1      
 103   1              lcd_write_command(0x38,1);
 104   1              lcd_write_command(0x08,1);
 105   1              lcd_write_command(0x01,1);
 106   1              lcd_write_command(0x06,1);
 107   1              lcd_write_command(0x0c,1);
 108   1      }
 109          
 110          /****光标定位******/
 111          void disp_xy(char x, char y)
 112          {
 113   1              uchar tmp;
 114   1              tmp = x & 0x0f;
 115   1              y  &= 0x1;
 116   1              if(x > 15)  tmp |= 0x40;  //在第二行显示
C51 COMPILER V9.00   MAIN                                                                  08/31/2013 00:33:25 PAGE 3   

 117   1              if(y == 1)      tmp |= 0x40;
 118   1              tmp |= 0x80;                       //D7位置1，表示状态繁忙
 119   1              lcd_write_command(tmp,0);
 120   1      }
 121          
 122          /*****指定位置显示字符********/
 123          void disp_one_char(uchar x, uchar y, uchar ddata)
 124          {
 125   1              disp_xy(x, y);
 126   1              lcd_write_data(ddata);
 127   1      }
 128          
 129          /***指定位置显示字符串*******/
 130          void disp_msg(uchar x, uchar y, uchar *ptr)
 131          {
 132   1              uchar i,l=0;
 133   1              while(*ptr++ > 0) l++;
 134   1              ptr=ptr-(l+1);  //ptr指针复位
 135   1              for(i=0;i<l;i++)
 136   1              {
 137   2                      disp_one_char(x++, y, *ptr++);
 138   2                      if(x == 31) {x = 0, y ^= 0;}
 139   2              }
 140   1      }
 141          
 142          
 143          
 144          int main()
 145          {
 146   1              delay_mms(2000);
 147   1              SW = 0;
 148   1              lcd_reset();
 149   1              disp_msg(0, 0, init);
 150   1              while(1);
 151   1      }
 152          
 153           


MODULE INFORMATION:   STATIC OVERLAYABLE
   CODE SIZE        =    378    ----
   CONSTANT SIZE    =   ----    ----
   XDATA SIZE       =   ----    ----
   PDATA SIZE       =   ----    ----
   DATA SIZE        =     29       8
   IDATA SIZE       =   ----    ----
   BIT SIZE         =   ----    ----
END OF MODULE INFORMATION.


C51 COMPILATION COMPLETE.  1 WARNING(S),  0 ERROR(S)
